# JRE version: OpenJDK Runtime Environment (8.0_121-b13) (build 1.8.0_121-8u121-b13-0ubuntu1.16.10.2-b13)
# Java VM: OpenJDK 64-Bit Server VM (25.121-b13 mixed mode linux-amd64 compressed oops)
Heap:
 PSYoungGen      total 273920K, used 0K [0x00000000ec000000, 0x0000000100000000, 0x0000000100000000)
  eden space 258048K, 0% used [0x00000000ec000000,0x00000000ec000000,0x00000000fbc00000)
  from space 15872K, 0% used [0x00000000ff080000,0x00000000ff080000,0x0000000100000000)
  to   space 34816K, 0% used [0x00000000fbc00000,0x00000000fbc00000,0x00000000fde00000)
 ParOldGen       total 96768K, used 86270K [0x00000000c4000000, 0x00000000c9e80000, 0x00000000ec000000)
  object space 96768K, 89% used [0x00000000c4000000,0x00000000c943fb00,0x00000000c9e80000)
 Metaspace       used 34997K, capacity 46447K, committed 46888K, reserved 1083392K
  class space    used 8420K, capacity 12152K, committed 12328K, reserved 1048576K
GC Heap History (10 events):
Event: 13.794 GC heap after
Heap after GC invocations=23 (full 3):
 PSYoungGen      total 311296K, used 8992K [0x00000000ec000000, 0x0000000100000000, 0x0000000100000000)
  eden space 296960K, 0% used [0x00000000ec000000,0x00000000ec000000,0x00000000fe200000)
  from space 14336K, 62% used [0x00000000ff080000,0x00000000ff948000,0x00000000ffe80000)
  to   space 14848K, 0% used [0x00000000fe200000,0x00000000fe200000,0x00000000ff080000)
 ParOldGen       total 96768K, used 39647K [0x00000000c4000000, 0x00000000c9e80000, 0x00000000ec000000)
  object space 96768K, 40% used [0x00000000c4000000,0x00000000c66b7f08,0x00000000c9e80000)
 Metaspace       used 30052K, capacity 41025K, committed 42408K, reserved 1079296K
  class space    used 7634K, capacity 11242K, committed 11688K, reserved 1048576K
}
Event: 14.849 GC heap before
{Heap before GC invocations=24 (full 3):
 PSYoungGen      total 311296K, used 305952K [0x00000000ec000000, 0x0000000100000000, 0x0000000100000000)
  eden space 296960K, 100% used [0x00000000ec000000,0x00000000fe200000,0x00000000fe200000)
  from space 14336K, 62% used [0x00000000ff080000,0x00000000ff948000,0x00000000ffe80000)
  to   space 14848K, 0% used [0x00000000fe200000,0x00000000fe200000,0x00000000ff080000)
 ParOldGen       total 96768K, used 39647K [0x00000000c4000000, 0x00000000c9e80000, 0x00000000ec000000)
  object space 96768K, 40% used [0x00000000c4000000,0x00000000c66b7f08,0x00000000c9e80000)
 Metaspace       used 30598K, capacity 41983K, committed 42408K, reserved 1079296K
  class space    used 7819K, capacity 11544K, committed 11688K, reserved 1048576K
Event: 14.858 GC heap after
Heap after GC invocations=24 (full 3):
 PSYoungGen      total 311808K, used 9865K [0x00000000ec000000, 0x0000000100000000, 0x0000000100000000)
  eden space 296960K, 0% used [0x00000000ec000000,0x00000000ec000000,0x00000000fe200000)
  from space 14848K, 66% used [0x00000000fe200000,0x00000000feba26c8,0x00000000ff080000)
  to   space 15872K, 0% used [0x00000000ff080000,0x00000000ff080000,0x0000000100000000)
 ParOldGen       total 96768K, used 39647K [0x00000000c4000000, 0x00000000c9e80000, 0x00000000ec000000)
  object space 96768K, 40% used [0x00000000c4000000,0x00000000c66b7f08,0x00000000c9e80000)
 Metaspace       used 30598K, capacity 41983K, committed 42408K, reserved 1079296K
  class space    used 7819K, capacity 11544K, committed 11688K, reserved 1048576K
}
Event: 15.820 GC heap before
{Heap before GC invocations=25 (full 3):
 PSYoungGen      total 311808K, used 306825K [0x00000000ec000000, 0x0000000100000000, 0x0000000100000000)
  eden space 296960K, 100% used [0x00000000ec000000,0x00000000fe200000,0x00000000fe200000)
  from space 14848K, 66% used [0x00000000fe200000,0x00000000feba26c8,0x00000000ff080000)
  to   space 15872K, 0% used [0x00000000ff080000,0x00000000ff080000,0x0000000100000000)
 ParOldGen       total 96768K, used 39647K [0x00000000c4000000, 0x00000000c9e80000, 0x00000000ec000000)
  object space 96768K, 40% used [0x00000000c4000000,0x00000000c66b7f08,0x00000000c9e80000)
 Metaspace       used 30602K, capacity 41991K, committed 42408K, reserved 1079296K
  class space    used 7819K, capacity 11544K, committed 11688K, reserved 1048576K
Event: 15.829 GC heap after
Heap after GC invocations=25 (full 3):
 PSYoungGen      total 311808K, used 9776K [0x00000000ec000000, 0x0000000100000000, 0x0000000100000000)
  eden space 295936K, 0% used [0x00000000ec000000,0x00000000ec000000,0x00000000fe100000)
  from space 15872K, 61% used [0x00000000ff080000,0x00000000ffa0c010,0x0000000100000000)
  to   space 15872K, 0% used [0x00000000fe100000,0x00000000fe100000,0x00000000ff080000)
 ParOldGen       total 96768K, used 39647K [0x00000000c4000000, 0x00000000c9e80000, 0x00000000ec000000)
  object space 96768K, 40% used [0x00000000c4000000,0x00000000c66b7f08,0x00000000c9e80000)
 Metaspace       used 30602K, capacity 41991K, committed 42408K, reserved 1079296K
  class space    used 7819K, capacity 11544K, committed 11688K, reserved 1048576K
}
Event: 17.303 GC heap before
{Heap before GC invocations=26 (full 3):
 PSYoungGen      total 311808K, used 305712K [0x00000000ec000000, 0x0000000100000000, 0x0000000100000000)
  eden space 295936K, 100% used [0x00000000ec000000,0x00000000fe100000,0x00000000fe100000)
  from space 15872K, 61% used [0x00000000ff080000,0x00000000ffa0c010,0x0000000100000000)
  to   space 15872K, 0% used [0x00000000fe100000,0x00000000fe100000,0x00000000ff080000)
 ParOldGen       total 96768K, used 39647K [0x00000000c4000000, 0x00000000c9e80000, 0x00000000ec000000)
  object space 96768K, 40% used [0x00000000c4000000,0x00000000c66b7f08,0x00000000c9e80000)
 Metaspace       used 33125K, capacity 44527K, committed 45096K, reserved 1083392K
  class space    used 8159K, capacity 11896K, committed 12072K, reserved 1048576K
Event: 17.342 GC heap after
Heap after GC invocations=26 (full 3):
 PSYoungGen      total 311808K, used 15867K [0x00000000ec000000, 0x0000000100000000, 0x0000000100000000)
  eden space 295936K, 0% used [0x00000000ec000000,0x00000000ec000000,0x00000000fe100000)
  from space 15872K, 99% used [0x00000000fe100000,0x00000000ff07eee0,0x00000000ff080000)
  to   space 15872K, 0% used [0x00000000ff080000,0x00000000ff080000,0x0000000100000000)
 ParOldGen       total 96768K, used 69407K [0x00000000c4000000, 0x00000000c9e80000, 0x00000000ec000000)
  object space 96768K, 71% used [0x00000000c4000000,0x00000000c83c7dc0,0x00000000c9e80000)
 Metaspace       used 33125K, capacity 44527K, committed 45096K, reserved 1083392K
  class space    used 8159K, capacity 11896K, committed 12072K, reserved 1048576K
}
Event: 19.184 GC heap before
{Heap before GC invocations=27 (full 3):
 PSYoungGen      total 311808K, used 311803K [0x00000000ec000000, 0x0000000100000000, 0x0000000100000000)
  eden space 295936K, 100% used [0x00000000ec000000,0x00000000fe100000,0x00000000fe100000)
  from space 15872K, 99% used [0x00000000fe100000,0x00000000ff07eee0,0x00000000ff080000)
  to   space 15872K, 0% used [0x00000000ff080000,0x00000000ff080000,0x0000000100000000)
 ParOldGen       total 96768K, used 69407K [0x00000000c4000000, 0x00000000c9e80000, 0x00000000ec000000)
  object space 96768K, 71% used [0x00000000c4000000,0x00000000c83c7dc0,0x00000000c9e80000)
 Metaspace       used 34997K, capacity 46447K, committed 46888K, reserved 1083392K
  class space    used 8420K, capacity 12152K, committed 12328K, reserved 1048576K
Event: 19.229 GC heap after
Heap after GC invocations=27 (full 3):
 PSYoungGen      total 273920K, used 15851K [0x00000000ec000000, 0x0000000100000000, 0x0000000100000000)
  eden space 258048K, 0% used [0x00000000ec000000,0x00000000ec000000,0x00000000fbc00000)
  from space 15872K, 99% used [0x00000000ff080000,0x00000000ffffaf90,0x0000000100000000)
  to   space 34816K, 0% used [0x00000000fbc00000,0x00000000fbc00000,0x00000000fde00000)
 ParOldGen       total 96768K, used 82376K [0x00000000c4000000, 0x00000000c9e80000, 0x00000000ec000000)
  object space 96768K, 85% used [0x00000000c4000000,0x00000000c90722b0,0x00000000c9e80000)
 Metaspace       used 34997K, capacity 46447K, committed 46888K, reserved 1083392K
  class space    used 8420K, capacity 12152K, committed 12328K, reserved 1048576K
}
Event: 19.230 GC heap before
{Heap before GC invocations=28 (full 4):
 PSYoungGen      total 273920K, used 15851K [0x00000000ec000000, 0x0000000100000000, 0x0000000100000000)
  eden space 258048K, 0% used [0x00000000ec000000,0x00000000ec000000,0x00000000fbc00000)
  from space 15872K, 99% used [0x00000000ff080000,0x00000000ffffaf90,0x0000000100000000)
  to   space 34816K, 0% used [0x00000000fbc00000,0x00000000fbc00000,0x00000000fde00000)
 ParOldGen       total 96768K, used 82376K [0x00000000c4000000, 0x00000000c9e80000, 0x00000000ec000000)
  object space 96768K, 85% used [0x00000000c4000000,0x00000000c90722b0,0x00000000c9e80000)
 Metaspace       used 34997K, capacity 46447K, committed 46888K, reserved 1083392K
  class space    used 8420K, capacity 12152K, committed 12328K, reserved 1048576K

